#
# A fatal error has been detected by the Java Runtime Environment:
#
#  EXCEPTION_ACCESS_VIOLATION (0xc0000005) at pc=0x0000000051c363e2, pid=6100, tid=3300
#
# JRE version: Java(TM) SE Runtime Environment (8.0_91-b15) (build 1.8.0_91-b15)
# Java VM: Java HotSpot(TM) 64-Bit Server VM (25.91-b15 mixed mode windows-amd64 compressed oops)
# Problematic frame:
# V  [jvm.dll+0x5a63e2]
#
# Failed to write core dump. Minidumps are not enabled by default on client versions of Windows
#
# If you would like to submit a bug report, please visit:
#   http://bugreport.java.com/bugreport/crash.jsp
#

---------------  T H R E A D  ---------------

Current thread (0x000000001717f000):  JavaThread "C2 CompilerThread0" daemon [_thread_in_native, id=3300, stack(0x0000000018e90000,0x0000000018f90000)]

siginfo: ExceptionCode=0xc0000005, writing address 0x0000000000000036

Registers:
RAX=0x0000000000000036, RBX=0x0000000000000038, RCX=0x0000000020193110, RDX=0x000000001c83fe60
RSP=0x0000000018f8bf38, RBP=0x0000000000000000, RSI=0x000000001c83fe60, RDI=0x0000000051690000
R8 =0x0000000020193110, R9 =0x00000000201939b0, R10=0x0000000000000000, R11=0x0000000051d00b68
R12=0x0000000000000000, R13=0x000000001863faa0, R14=0x0000000018f8c410, R15=0x0000000018641440
RIP=0x0000000051c363e2, EFLAGS=0x0000000000010246

Top of Stack: (sp=0x0000000018f8bf38)
0x0000000018f8bf38:   0000000051c5df18 0000000020337050
0x0000000018f8bf48:   0000000000000000 00000000204438e0
0x0000000018f8bf58:   000000001c63cdb0 00000000204438e0
0x0000000018f8bf68:   0000000051b6b8d6 0000000018f8c410
0x0000000018f8bf78:   000000001c63cdb0 00000000201964d0
0x0000000018f8bf88:   00000000204438e0 0000000019a98b18
0x0000000018f8bf98:   0000000000000000 0000000300000003
0x0000000018f8bfa8:   0000000000000018 0000000020193130
0x0000000018f8bfb8:   0000000051b6b4c9 00000000204438e0
0x0000000018f8bfc8:   0000000000000000 00000000204438e0
0x0000000018f8bfd8:   000000001c83fe60 0000000018f8c410
0x0000000018f8bfe8:   0000000051b6b846 0000000018f8c410
0x0000000018f8bff8:   000000001c83fe60 0000000020193110
0x0000000018f8c008:   00000000204438e0 0000000019a98b18
0x0000000018f8c018:   0000000051b6e528 0000000300000004
0x0000000018f8c028:   0000000000000018 0000000018641460 

Instructions: (pc=0x0000000051c363e2)
0x0000000051c363c2:   39 8a 3c 01 00 00 76 1b 0f ba e8 07 44 89 8a 3c
0x0000000051c363d2:   01 00 00 c7 82 68 05 00 00 77 01 00 00 89 82 80
0x0000000051c363e2:   08 00 00 4d 85 c0 0f 84 55 02 00 00 41 f7 80 78
0x0000000051c363f2:   08 00 00 00 00 20 00 74 3a 48 8b 42 18 48 85 c0 


Register to memory mapping:

RAX=0x0000000000000036 is an unknown value
RBX=0x0000000000000038 is an unknown value
RCX=0x0000000020193110 is an unknown value
RDX=0x000000001c83fe60 is an unknown value
RSP=0x0000000018f8bf38 is pointing into the stack for thread: 0x000000001717f000
RBP=0x0000000000000000 is an unknown value
RSI=0x000000001c83fe60 is an unknown value
RDI=0x0000000051690000 is an unknown value
R8 =0x0000000020193110 is an unknown value
R9 =0x00000000201939b0 is an unknown value
R10=0x0000000000000000 is an unknown value
R11=0x0000000051d00b68 is an unknown value
R12=0x0000000000000000 is an unknown value
R13=0x000000001863faa0 is an unknown value
R14=0x0000000018f8c410 is pointing into the stack for thread: 0x000000001717f000
R15=0x0000000018641440 is an unknown value


Stack: [0x0000000018e90000,0x0000000018f90000],  sp=0x0000000018f8bf38,  free space=1007k
Native frames: (J=compiled Java code, j=interpreted, Vv=VM code, C=native code)


Current CompileTask:
C2:3589795 14233       4       org.gradle.model.internal.registry.ModelElementNode::addLink (19 bytes)


---------------  P R O C E S S  ---------------

Java Threads: ( => current thread )
  0x000000001aa8d800 JavaThread "Stdin handler" [_thread_blocked, id=6900, stack(0x0000000023240000,0x0000000023340000)]
  0x000000001aa8d000 JavaThread "Asynchronous log dispatcher for org.gradle.launcher.daemon.server.DefaultDaemonConnection@1d316f5b" [_thread_blocked, id=4732, stack(0x0000000023140000,0x0000000023240000)]
  0x000000001aa8b800 JavaThread "Daemon worker Thread 22" [_thread_in_native, id=5636, stack(0x000000001b590000,0x000000001b690000)]
  0x000000001aa8c000 JavaThread "Cancel handler" [_thread_blocked, id=6240, stack(0x000000001bbc0000,0x000000001bcc0000)]
  0x000000001aa8a000 JavaThread "Handler for socket connection from /127.0.0.1:36794 to /127.0.0.1:52143" [_thread_in_native, id=3912, stack(0x000000001b8c0000,0x000000001b9c0000)]
  0x000000001aa8a800 JavaThread "Daemon Thread 22" [_thread_blocked, id=4796, stack(0x000000001b6b0000,0x000000001b7b0000)]
  0x000000001aa89000 JavaThread "pool-2-thread-1" [_thread_blocked, id=5220, stack(0x0000000021130000,0x0000000021230000)]
  0x000000001aa88800 JavaThread "File lock request listener" [_thread_in_native, id=6556, stack(0x000000001ba00000,0x000000001bb00000)]
  0x000000001a6f2000 JavaThread "Incoming local TCP Connector on port 36794" [_thread_in_native, id=5664, stack(0x000000001a080000,0x000000001a180000)]
  0x000000001a40c800 JavaThread "pool-1-thread-1" [_thread_blocked, id=6156, stack(0x000000001b240000,0x000000001b340000)]
  0x0000000018652800 JavaThread "Service Thread" daemon [_thread_blocked, id=1048, stack(0x0000000019380000,0x0000000019480000)]
  0x00000000185e8000 JavaThread "C1 CompilerThread2" daemon [_thread_blocked, id=4964, stack(0x00000000191e0000,0x00000000192e0000)]
  0x00000000185e6800 JavaThread "C2 CompilerThread1" daemon [_thread_in_native, id=4156, stack(0x0000000019020000,0x0000000019120000)]
=>0x000000001717f000 JavaThread "C2 CompilerThread0" daemon [_thread_in_native, id=3300, stack(0x0000000018e90000,0x0000000018f90000)]
  0x000000001717d800 JavaThread "Attach Listener" daemon [_thread_blocked, id=6192, stack(0x0000000018d50000,0x0000000018e50000)]
  0x000000001717a000 JavaThread "Signal Dispatcher" daemon [_thread_blocked, id=4920, stack(0x0000000018b80000,0x0000000018c80000)]
  0x000000001715c800 JavaThread "Finalizer" daemon [_thread_blocked, id=3276, stack(0x00000000184e0000,0x00000000185e0000)]
  0x0000000017115000 JavaThread "Reference Handler" daemon [_thread_blocked, id=1576, stack(0x00000000183e0000,0x00000000184e0000)]
  0x0000000001dba000 JavaThread "main" [_thread_blocked, id=4240, stack(0x0000000001f00000,0x0000000002000000)]

Other Threads:
  0x000000001710d800 VMThread [stack: 0x00000000181a0000,0x00000000182a0000] [id=6724]
  0x0000000018670000 WatcherThread [stack: 0x00000000195a0000,0x00000000196a0000] [id=6024]

VM state:not at safepoint (normal execution)

VM Mutex/Monitor currently owned by a thread: None

Heap:
 PSYoungGen      total 219648K, used 75949K [0x00000000d5580000, 0x00000000e3c00000, 0x0000000100000000)
  eden space 204288K, 37% used [0x00000000d5580000,0x00000000d9fab5d0,0x00000000e1d00000)
  from space 15360K, 0% used [0x00000000e2d00000,0x00000000e2d00000,0x00000000e3c00000)
  to   space 15872K, 0% used [0x00000000e1d00000,0x00000000e1d00000,0x00000000e2c80000)
 ParOldGen       total 58368K, used 28516K [0x0000000080000000, 0x0000000083900000, 0x00000000d5580000)
  object space 58368K, 48% used [0x0000000080000000,0x0000000081bd9000,0x0000000083900000)
 Metaspace       used 57477K, capacity 61294K, committed 61568K, reserved 1101824K
  class space    used 7561K, capacity 8222K, committed 8320K, reserved 1048576K

Card table byte_map: [0x0000000011750000,0x0000000011b60000] byte_map_base: 0x0000000011350000

Marking Bits: (ParMarkBitMap*) 0x0000000051ea2f70
 Begin Bits: [0x0000000012380000, 0x0000000014380000)
 End Bits:   [0x0000000014380000, 0x0000000016380000)

Polling page: 0x00000000001b0000

CodeCache: size=245760Kb used=39090Kb max_used=39100Kb free=206669Kb
 bounds [0x0000000002390000, 0x0000000004a10000, 0x0000000011390000]
 total_blobs=12183 nmethods=11466 adapters=629
 compilation: enabled

Compilation events (10 events):
Event: 3588.557 Thread 0x00000000185e8000 14243       3       com.sun.org.apache.xerces.internal.xni.parser.XMLInputSource::setEncoding (6 bytes)
Event: 3588.557 Thread 0x00000000185e8000 nmethod 14243 0x00000000049f0510 code [0x00000000049f0660, 0x00000000049f07d0]
Event: 3588.580 Thread 0x00000000185e6800 nmethod 14232 0x00000000035d20d0 code [0x00000000035d2320, 0x00000000035d39f8]
Event: 3588.580 Thread 0x00000000185e6800 14239       4       org.gradle.model.internal.registry.DefaultModelRegistry::toViews (87 bytes)
Event: 3588.628 Thread 0x00000000185e6800 nmethod 14239 0x00000000048d8790 code [0x00000000048d89c0, 0x00000000048d9898]
Event: 3588.628 Thread 0x00000000185e6800 14240   !   4       org.gradle.model.internal.registry.RuleContext::run (58 bytes)
Event: 3588.628 Thread 0x00000000185e8000 14245       3       org.gradle.api.tasks.util.PatternSet$IntersectionPatternSet::getAsSpec (25 bytes)
Event: 3588.630 Thread 0x00000000185e8000 nmethod 14245 0x000000000438c110 code [0x000000000438c340, 0x000000000438d1d8]
Event: 3588.647 Thread 0x00000000185e6800 nmethod 14240 0x0000000004a03d90 code [0x0000000004a03f80, 0x0000000004a046d0]
Event: 3588.647 Thread 0x00000000185e6800 14234       4       org.gradle.model.internal.registry.ModelElementNode::addNode (273 bytes)

GC Heap History (10 events):
Event: 3031.177 GC heap before
{Heap before GC invocations=61 (full 15):
 PSYoungGen      total 211968K, used 76387K [0x00000000d5580000, 0x00000000e3b00000, 0x0000000100000000)
  eden space 202240K, 33% used [0x00000000d5580000,0x00000000d9711578,0x00000000e1b00000)
  from space 9728K, 95% used [0x00000000e2380000,0x00000000e2c878e0,0x00000000e2d00000)
  to   space 14336K, 0% used [0x00000000e2d00000,0x00000000e2d00000,0x00000000e3b00000)
 ParOldGen       total 58368K, used 28456K [0x0000000080000000, 0x0000000083900000, 0x00000000d5580000)
  object space 58368K, 48% used [0x0000000080000000,0x0000000081bca338,0x0000000083900000)
 Metaspace       used 57368K, capacity 61038K, committed 61312K, reserved 1101824K
  class space    used 7561K, capacity 8222K, committed 8320K, reserved 1048576K
Event: 3031.181 GC heap after
Heap after GC invocations=61 (full 15):
 PSYoungGen      total 216576K, used 1021K [0x00000000d5580000, 0x00000000e3b00000, 0x0000000100000000)
  eden space 202240K, 0% used [0x00000000d5580000,0x00000000d5580000,0x00000000e1b00000)
  from space 14336K, 7% used [0x00000000e2d00000,0x00000000e2dff738,0x00000000e3b00000)
  to   space 16384K, 0% used [0x00000000e1b00000,0x00000000e1b00000,0x00000000e2b00000)
 ParOldGen       total 58368K, used 28456K [0x0000000080000000, 0x0000000083900000, 0x00000000d5580000)
  object space 58368K, 48% used [0x0000000080000000,0x0000000081bca338,0x0000000083900000)
 Metaspace       used 57368K, capacity 61038K, committed 61312K, reserved 1101824K
  class space    used 7561K, capacity 8222K, committed 8320K, reserved 1048576K
}
Event: 3031.181 GC heap before
{Heap before GC invocations=62 (full 16):
 PSYoungGen      total 216576K, used 1021K [0x00000000d5580000, 0x00000000e3b00000, 0x0000000100000000)
  eden space 202240K, 0% used [0x00000000d5580000,0x00000000d5580000,0x00000000e1b00000)
  from space 14336K, 7% used [0x00000000e2d00000,0x00000000e2dff738,0x00000000e3b00000)
  to   space 16384K, 0% used [0x00000000e1b00000,0x00000000e1b00000,0x00000000e2b00000)
 ParOldGen       total 58368K, used 28456K [0x0000000080000000, 0x0000000083900000, 0x00000000d5580000)
  object space 58368K, 48% used [0x0000000080000000,0x0000000081bca338,0x0000000083900000)
 Metaspace       used 57368K, capacity 61038K, committed 61312K, reserved 1101824K
  class space    used 7561K, capacity 8222K, committed 8320K, reserved 1048576K
Event: 3031.332 GC heap after
Heap after GC invocations=62 (full 16):
 PSYoungGen      total 216576K, used 0K [0x00000000d5580000, 0x00000000e3b00000, 0x0000000100000000)
  eden space 202240K, 0% used [0x00000000d5580000,0x00000000d5580000,0x00000000e1b00000)
  from space 14336K, 0% used [0x00000000e2d00000,0x00000000e2d00000,0x00000000e3b00000)
  to   space 16384K, 0% used [0x00000000e1b00000,0x00000000e1b00000,0x00000000e2b00000)
 ParOldGen       total 58368K, used 28530K [0x0000000080000000, 0x0000000083900000, 0x00000000d5580000)
  object space 58368K, 48% used [0x0000000080000000,0x0000000081bdc820,0x0000000083900000)
 Metaspace       used 57368K, capacity 61038K, committed 61312K, reserved 1101824K
  class space    used 7561K, capacity 8222K, committed 8320K, reserved 1048576K
}
Event: 3152.816 GC heap before
{Heap before GC invocations=63 (full 16):
 PSYoungGen      total 216576K, used 202240K [0x00000000d5580000, 0x00000000e3b00000, 0x0000000100000000)
  eden space 202240K, 100% used [0x00000000d5580000,0x00000000e1b00000,0x00000000e1b00000)
  from space 14336K, 0% used [0x00000000e2d00000,0x00000000e2d00000,0x00000000e3b00000)
  to   space 16384K, 0% used [0x00000000e1b00000,0x00000000e1b00000,0x00000000e2b00000)
 ParOldGen       total 58368K, used 28530K [0x0000000080000000, 0x0000000083900000, 0x00000000d5580000)
  object space 58368K, 48% used [0x0000000080000000,0x0000000081bdc820,0x0000000083900000)
 Metaspace       used 57436K, capacity 61230K, committed 61568K, reserved 1101824K
  class space    used 7561K, capacity 8222K, committed 8320K, reserved 1048576K
Event: 3152.830 GC heap after
Heap after GC invocations=63 (full 16):
 PSYoungGen      total 218624K, used 7992K [0x00000000d5580000, 0x00000000e3d00000, 0x0000000100000000)
  eden space 202240K, 0% used [0x00000000d5580000,0x00000000d5580000,0x00000000e1b00000)
  from space 16384K, 48% used [0x00000000e1b00000,0x00000000e22ce0c8,0x00000000e2b00000)
  to   space 16384K, 0% used [0x00000000e2d00000,0x00000000e2d00000,0x00000000e3d00000)
 ParOldGen       total 58368K, used 28538K [0x0000000080000000, 0x0000000083900000, 0x00000000d5580000)
  object space 58368K, 48% used [0x0000000080000000,0x0000000081bde820,0x0000000083900000)
 Metaspace       used 57436K, capacity 61230K, committed 61568K, reserved 1101824K
  class space    used 7561K, capacity 8222K, committed 8320K, reserved 1048576K
}
Event: 3153.339 GC heap before
{Heap before GC invocations=64 (full 16):
 PSYoungGen      total 218624K, used 50533K [0x00000000d5580000, 0x00000000e3d00000, 0x0000000100000000)
  eden space 202240K, 21% used [0x00000000d5580000,0x00000000d7f0b410,0x00000000e1b00000)
  from space 16384K, 48% used [0x00000000e1b00000,0x00000000e22ce0c8,0x00000000e2b00000)
  to   space 16384K, 0% used [0x00000000e2d00000,0x00000000e2d00000,0x00000000e3d00000)
 ParOldGen       total 58368K, used 28538K [0x0000000080000000, 0x0000000083900000, 0x00000000d5580000)
  object space 58368K, 48% used [0x0000000080000000,0x0000000081bde820,0x0000000083900000)
 Metaspace       used 57443K, capacity 61230K, committed 61568K, reserved 1101824K
  class space    used 7561K, capacity 8222K, committed 8320K, reserved 1048576K
Event: 3153.348 GC heap after
Heap after GC invocations=64 (full 16):
 PSYoungGen      total 219648K, used 717K [0x00000000d5580000, 0x00000000e3c00000, 0x0000000100000000)
  eden space 204288K, 0% used [0x00000000d5580000,0x00000000d5580000,0x00000000e1d00000)
  from space 15360K, 4% used [0x00000000e2d00000,0x00000000e2db3748,0x00000000e3c00000)
  to   space 15872K, 0% used [0x00000000e1d00000,0x00000000e1d00000,0x00000000e2c80000)
 ParOldGen       total 58368K, used 28538K [0x0000000080000000, 0x0000000083900000, 0x00000000d5580000)
  object space 58368K, 48% used [0x0000000080000000,0x0000000081bde820,0x0000000083900000)
 Metaspace       used 57443K, capacity 61230K, committed 61568K, reserved 1101824K
  class space    used 7561K, capacity 8222K, committed 8320K, reserved 1048576K
}
Event: 3153.348 GC heap before
{Heap before GC invocations=65 (full 17):
 PSYoungGen      total 219648K, used 717K [0x00000000d5580000, 0x00000000e3c00000, 0x0000000100000000)
  eden space 204288K, 0% used [0x00000000d5580000,0x00000000d5580000,0x00000000e1d00000)
  from space 15360K, 4% used [0x00000000e2d00000,0x00000000e2db3748,0x00000000e3c00000)
  to   space 15872K, 0% used [0x00000000e1d00000,0x00000000e1d00000,0x00000000e2c80000)
 ParOldGen       total 58368K, used 28538K [0x0000000080000000, 0x0000000083900000, 0x00000000d5580000)
  object space 58368K, 48% used [0x0000000080000000,0x0000000081bde820,0x0000000083900000)
 Metaspace       used 57443K, capacity 61230K, committed 61568K, reserved 1101824K
  class space    used 7561K, capacity 8222K, committed 8320K, reserved 1048576K
Event: 3153.485 GC heap after
Heap after GC invocations=65 (full 17):
 PSYoungGen      total 219648K, used 0K [0x00000000d5580000, 0x00000000e3c00000, 0x0000000100000000)
  eden space 204288K, 0% used [0x00000000d5580000,0x00000000d5580000,0x00000000e1d00000)
  from space 15360K, 0% used [0x00000000e2d00000,0x00000000e2d00000,0x00000000e3c00000)
  to   space 15872K, 0% used [0x00000000e1d00000,0x00000000e1d00000,0x00000000e2c80000)
 ParOldGen       total 58368K, used 28516K [0x0000000080000000, 0x0000000083900000, 0x00000000d5580000)
  object space 58368K, 48% used [0x0000000080000000,0x0000000081bd9000,0x0000000083900000)
 Metaspace       used 57443K, capacity 61230K, committed 61568K, reserved 1101824K
  class space    used 7561K, capacity 8222K, committed 8320K, reserved 1048576K
}

Deoptimization events (10 events):
Event: 2881.462 Thread 0x000000001aa8a000 Uncommon trap: reason=array_check action=maybe_recompile pc=0x0000000004777e5c method=java.util.TimSort.reverseRange([Ljava/lang/Object;II)V @ 27
Event: 2881.463 Thread 0x000000001aa8a000 Uncommon trap: reason=array_check action=maybe_recompile pc=0x0000000004777e5c method=java.util.TimSort.reverseRange([Ljava/lang/Object;II)V @ 27
Event: 2965.665 Thread 0x000000001aa8b800 Uncommon trap: reason=array_check action=maybe_recompile pc=0x0000000003556208 method=java.util.TimSort.mergeHi(IIII)V @ 419
Event: 2965.710 Thread 0x000000001aa8b800 Uncommon trap: reason=array_check action=maybe_recompile pc=0x0000000003556208 method=java.util.TimSort.mergeHi(IIII)V @ 419
Event: 2965.906 Thread 0x000000001aa8b800 Uncommon trap: reason=array_check action=maybe_recompile pc=0x000000000480d4c8 method=java.util.TimSort.mergeHi(IIII)V @ 282
Event: 3029.711 Thread 0x000000001aa8c000 Uncommon trap: reason=array_check action=maybe_recompile pc=0x00000000048d9700 method=java.util.TimSort.mergeHi(IIII)V @ 524
Event: 3029.761 Thread 0x000000001aa8c000 Uncommon trap: reason=array_check action=maybe_recompile pc=0x00000000048d9700 method=java.util.TimSort.mergeHi(IIII)V @ 524
Event: 3152.100 Thread 0x000000001aa8a000 Uncommon trap: reason=array_check action=maybe_recompile pc=0x0000000004962f6c method=java.util.TimSort.mergeHi(IIII)V @ 657
Event: 3152.100 Thread 0x000000001aa8a000 Uncommon trap: reason=array_check action=maybe_recompile pc=0x0000000004962f6c method=java.util.TimSort.mergeHi(IIII)V @ 657
Event: 3241.913 Thread 0x000000001a40c800 Uncommon trap: reason=null_check action=make_not_entrant pc=0x00000000049dead0 method=java.io.ObjectStreamClass.getField(Ljava/lang/String;Ljava/lang/Class;)Ljava/io/ObjectStreamField; @ 67

Internal exceptions (10 events):
Event: 3588.228 Thread 0x000000001aa8b800 Exception <a 'sun/nio/fs/WindowsException'> (0x00000000d7323650) thrown at [C:\re\workspace\8-2-build-windows-amd64-cygwin\jdk8u91\7017\hotspot\src\share\vm\prims\jni.cpp, line 709]
Event: 3588.229 Thread 0x000000001aa8b800 Exception <a 'sun/nio/fs/WindowsException'> (0x00000000d7325580) thrown at [C:\re\workspace\8-2-build-windows-amd64-cygwin\jdk8u91\7017\hotspot\src\share\vm\prims\jni.cpp, line 709]
Event: 3588.229 Thread 0x000000001aa8b800 Exception <a 'sun/nio/fs/WindowsException'> (0x00000000d7325e60) thrown at [C:\re\workspace\8-2-build-windows-amd64-cygwin\jdk8u91\7017\hotspot\src\share\vm\prims\jni.cpp, line 709]
Event: 3588.229 Thread 0x000000001aa8b800 Exception <a 'sun/nio/fs/WindowsException'> (0x00000000d7327390) thrown at [C:\re\workspace\8-2-build-windows-amd64-cygwin\jdk8u91\7017\hotspot\src\share\vm\prims\jni.cpp, line 709]
Event: 3588.229 Thread 0x000000001aa8b800 Exception <a 'sun/nio/fs/WindowsException'> (0x00000000d7327cb0) thrown at [C:\re\workspace\8-2-build-windows-amd64-cygwin\jdk8u91\7017\hotspot\src\share\vm\prims\jni.cpp, line 709]
Event: 3588.229 Thread 0x000000001aa8b800 Exception <a 'sun/nio/fs/WindowsException'> (0x00000000d7329df8) thrown at [C:\re\workspace\8-2-build-windows-amd64-cygwin\jdk8u91\7017\hotspot\src\share\vm\prims\jni.cpp, line 709]
Event: 3588.229 Thread 0x000000001aa8b800 Exception <a 'sun/nio/fs/WindowsException'> (0x00000000d732a750) thrown at [C:\re\workspace\8-2-build-windows-amd64-cygwin\jdk8u91\7017\hotspot\src\share\vm\prims\jni.cpp, line 709]
Event: 3588.229 Thread 0x000000001aa8b800 Exception <a 'sun/nio/fs/WindowsException'> (0x00000000d732bcf8) thrown at [C:\re\workspace\8-2-build-windows-amd64-cygwin\jdk8u91\7017\hotspot\src\share\vm\prims\jni.cpp, line 709]
Event: 3588.229 Thread 0x000000001aa8b800 Exception <a 'sun/nio/fs/WindowsException'> (0x00000000d732c690) thrown at [C:\re\workspace\8-2-build-windows-amd64-cygwin\jdk8u91\7017\hotspot\src\share\vm\prims\jni.cpp, line 709]
Event: 3588.326 Thread 0x000000001aa8b800 Exception <a 'sun/nio/fs/WindowsException'> (0x00000000d8081bf8) thrown at [C:\re\workspace\8-2-build-windows-amd64-cygwin\jdk8u91\7017\hotspot\src\share\vm\prims\jni.cpp, line 709]

Events (10 events):
Event: 3588.436 Thread 0x000000001717f000 flushing nmethod 0x00000000035cb090
Event: 3588.445 Thread 0x00000000185e8000 flushing nmethod 0x000000000394ea90
Event: 3588.445 Thread 0x00000000185e8000 flushing nmethod 0x00000000039f19d0
Event: 3588.447 loading class org/gradle/internal/component/local/model/DefaultLocalComponentMetaData$1
Event: 3588.447 loading class org/gradle/internal/component/local/model/DefaultLocalComponentMetaData$1 done
Event: 3588.447 Thread 0x00000000185e8000 flushing nmethod 0x0000000003a53750
Event: 3588.447 Thread 0x00000000185e8000 flushing nmethod 0x0000000003a53c10
Event: 3588.458 Thread 0x00000000185e8000 flushing nmethod 0x0000000003fabc10
Event: 3588.462 Thread 0x00000000185e8000 flushing nmethod 0x000000000438c110
Event: 3588.466 Thread 0x00000000185e8000 flushing nmethod 0x00000000048d7c90


Dynamic libraries:
0x000000013fdf0000 - 0x000000013fe27000 	C:\Program Files\Java\jdk1.8.0_91\bin\java.exe
0x0000000077b90000 - 0x0000000077d39000 	C:\Windows\SYSTEM32\ntdll.dll
0x0000000077a70000 - 0x0000000077b8f000 	C:\Windows\system32\kernel32.dll
0x000007fefdb90000 - 0x000007fefdbfb000 	C:\Windows\system32\KERNELBASE.dll
0x000007feffd20000 - 0x000007feffdfb000 	C:\Windows\system32\ADVAPI32.dll
0x000007fefe600000 - 0x000007fefe69f000 	C:\Windows\system32\msvcrt.dll
0x000007feffe80000 - 0x000007feffe9f000 	C:\Windows\SYSTEM32\sechost.dll
0x000007feffb70000 - 0x000007feffc9d000 	C:\Windows\system32\RPCRT4.dll
0x0000000077970000 - 0x0000000077a6a000 	C:\Windows\system32\USER32.dll
0x000007feffe10000 - 0x000007feffe77000 	C:\Windows\system32\GDI32.dll
0x000007fefe090000 - 0x000007fefe09e000 	C:\Windows\system32\LPK.dll
0x000007fefe7c0000 - 0x000007fefe889000 	C:\Windows\system32\USP10.dll
0x000007fefc6e0000 - 0x000007fefc8d4000 	C:\Windows\WinSxS\amd64_microsoft.windows.common-controls_6595b64144ccf1df_6.0.7601.17514_none_fa396087175ac9ac\COMCTL32.dll
0x000007feffca0000 - 0x000007feffd11000 	C:\Windows\system32\SHLWAPI.dll
0x000007feff8b0000 - 0x000007feff8de000 	C:\Windows\system32\IMM32.DLL
0x000007feff8e0000 - 0x000007feff9e9000 	C:\Windows\system32\MSCTF.dll
0x0000000065040000 - 0x0000000065112000 	C:\Program Files\Java\jdk1.8.0_91\jre\bin\msvcr100.dll
0x0000000051690000 - 0x0000000051f23000 	C:\Program Files\Java\jdk1.8.0_91\jre\bin\server\jvm.dll
0x000007fef6220000 - 0x000007fef6229000 	C:\Windows\system32\WSOCK32.dll
0x000007fefe220000 - 0x000007fefe26d000 	C:\Windows\system32\WS2_32.dll
0x000007feffe00000 - 0x000007feffe08000 	C:\Windows\system32\NSI.dll
0x000007fefb7e0000 - 0x000007fefb81b000 	C:\Windows\system32\WINMM.dll
0x000007fefcc40000 - 0x000007fefcc4c000 	C:\Windows\system32\VERSION.dll
0x0000000077d60000 - 0x0000000077d67000 	C:\Windows\system32\PSAPI.DLL
0x000000006a040000 - 0x000000006a04f000 	C:\Program Files\Java\jdk1.8.0_91\jre\bin\verify.dll
0x0000000066800000 - 0x0000000066829000 	C:\Program Files\Java\jdk1.8.0_91\jre\bin\java.dll
0x0000000066990000 - 0x00000000669a6000 	C:\Program Files\Java\jdk1.8.0_91\jre\bin\zip.dll
0x000007fefe910000 - 0x000007feff698000 	C:\Windows\system32\SHELL32.dll
0x000007feff6a0000 - 0x000007feff8a3000 	C:\Windows\system32\ole32.dll
0x000007fefdae0000 - 0x000007fefdaef000 	C:\Windows\system32\profapi.dll
0x00000000667e0000 - 0x00000000667fa000 	C:\Program Files\Java\jdk1.8.0_91\jre\bin\net.dll
0x000007fefd310000 - 0x000007fefd365000 	C:\Windows\system32\mswsock.dll
0x000007fefd300000 - 0x000007fefd307000 	C:\Windows\System32\wship6.dll
0x0000000065370000 - 0x0000000065381000 	C:\Program Files\Java\jdk1.8.0_91\jre\bin\nio.dll
0x000007fef6200000 - 0x000007fef6212000 	C:\Users\eclipse\.gradle\native\19\windows-amd64\native-platform.dll
0x000007fefd370000 - 0x000007fefd387000 	C:\Windows\system32\CRYPTSP.dll
0x000007fefd070000 - 0x000007fefd0b7000 	C:\Windows\system32\rsaenh.dll
0x000007fefce30000 - 0x000007fefce4e000 	C:\Windows\system32\USERENV.dll
0x000007fefda10000 - 0x000007fefda1f000 	C:\Windows\system32\CRYPTBASE.dll
0x000007fefb1b0000 - 0x000007fefb1d7000 	C:\Windows\system32\IPHLPAPI.DLL
0x000007fefb1a0000 - 0x000007fefb1ab000 	C:\Windows\system32\WINNSI.DLL
0x000007fefafa0000 - 0x000007fefafb8000 	C:\Windows\system32\dhcpcsvc.DLL
0x000007fefaf80000 - 0x000007fefaf91000 	C:\Windows\system32\dhcpcsvc6.DLL
0x000000006c540000 - 0x000000006c54d000 	C:\Program Files\Java\jdk1.8.0_91\jre\bin\management.dll
0x000007fefd970000 - 0x000007fefd9c7000 	C:\Windows\system32\apphelp.dll
0x000007feefbe0000 - 0x000007feefd05000 	C:\Windows\system32\dbghelp.dll

VM Arguments:
jvm_args: -Xmx2048m -Dfile.encoding=windows-1252 -Duser.country=US -Duser.language=en -Duser.variant 
java_command: org.gradle.launcher.daemon.bootstrap.GradleDaemon 2.14.1
java_class_path (initial): C:\Users\eclipse\.gradle\wrapper\dists\gradle-2.14.1-all\53l0mv9mggp9q5m2ip574m21oh\gradle-2.14.1\lib\gradle-launcher-2.14.1.jar
Launcher Type: SUN_STANDARD

Environment Variables:
JAVA_HOME=C:\Program Files\Java\jdk1.8.0_91
CLASSPATH=E:\Duong\helio\HelioInternal\platforms\android\\gradle\wrapper\gradle-wrapper.jar
USERNAME=eclipse
SHELL=C:\Users\eclipse\AppData\Local\Atlassian\SourceTree\git_local\usr\bin\bash
DISPLAY=needs-to-be-defined
OS=Windows_NT
PROCESSOR_IDENTIFIER=Intel64 Family 6 Model 37 Stepping 5, GenuineIntel



---------------  S Y S T E M  ---------------

OS: Windows 7 , 64 bit Build 7601 (6.1.7601.17514)

CPU:total 4 (2 cores per cpu, 2 threads per core) family 6 model 37 stepping 5, cmov, cx8, fxsr, mmx, sse, sse2, sse3, ssse3, sse4.1, sse4.2, popcnt, ht, tsc, tscinvbit

Memory: 4k page, physical 3647660k(708248k free), swap 7293476k(1793188k free)

vm_info: Java HotSpot(TM) 64-Bit Server VM (25.91-b15) for windows-amd64 JRE (1.8.0_91-b15), built on May 20 2016 17:43:15 by "java_re" with MS VC++ 10.0 (VS2010)

time: Mon Jan 23 16:01:21 2017
elapsed time: 3588 seconds (0d 0h 59m 48s)

